<?xml version="1.0" encoding="UTF-8"?>
<testsuite xmlns:xsi="http://www.w3.org/2001/XMLSchema-instance" xsi:noNamespaceSchemaLocation="https://maven.apache.org/surefire/maven-surefire-plugin/xsd/surefire-test-report.xsd" name="br.com.rfasioli.fas.FooArchitectTest" time="1.257" tests="11" errors="0" skipped="0" failures="0">
  <properties>
[...]
</properties>
  <testcase name="verificarDependenciasCiclicas" classname="br.com.rfasioli.fas.FooArchitectTest" time="0.03"/>
  <testcase name="verificarNomesClassesCamadaService" classname="br.com.rfasioli.fas.FooArchitectTest" time="0.012"/>
  <testcase name="verificarDependenciasParaCamadaBusiness" classname="br.com.rfasioli.fas.FooArchitectTest" time="0.002"/>
  <testcase name="verificarDependenciasDaCamadaPersistencia" classname="br.com.rfasioli.fas.FooArchitectTest" time="0.003"/>
  <testcase name="verificarDependenciasDaCamadaBusiness" classname="br.com.rfasioli.fas.FooArchitectTest" time="0.001"/>
  <testcase name="verificarDependenciasDaCamadaService" classname="br.com.rfasioli.fas.FooArchitectTest" time="0.002"/>
  <testcase name="verificarDependenciasParaCamadaPersistencia" classname="br.com.rfasioli.fas.FooArchitectTest" time="0.001"/>
  <testcase name="verificarViolacaoCamadas" classname="br.com.rfasioli.fas.FooArchitectTest" time="0.005"/>
  <testcase name="verificarDependenciasParaCamadaService" classname="br.com.rfasioli.fas.FooArchitectTest" time="0.001"/>
  <testcase name="verificarImplementacaoInterfaceDao" classname="br.com.rfasioli.fas.FooArchitectTest" time="0.002"/>
  <testcase name="verificarNomesClassesCamadaPersistencia" classname="br.com.rfasioli.fas.FooArchitectTest" time="0.001"/>
</testsuite>